<?xml version="1.0" encoding="UTF-8"?>
<!-- Generated by org.testng.reporters.JUnitXMLReporter -->
<testsuite ignored="0" hostname="DESKTOP-PI54DLS" failures="0" tests="1" name="Test Runner 2" time="0.164" errors="0" timestamp="2024-07-31T10:49:04 IST">
  <testcase classname="genericUtilities.BaseClass" name="@BeforeMethod methodConfiguration" time="0.009">
    <failure type="java.lang.NullPointerException" message="Cannot invoke &amp;quot;genericUtilities.PropertiesUtility.readFromProperties(String)&amp;quot; because &amp;quot;this.propertyUtil&amp;quot; is null">
      <![CDATA[java.lang.NullPointerException: Cannot invoke "genericUtilities.PropertiesUtility.readFromProperties(String)" because "this.propertyUtil" is null
at genericUtilities.BaseClass.methodConfiguration(BaseClass.java:51)
at java.base/java.util.ArrayList.forEach(ArrayList.java:1597)
at java.base/java.util.concurrent.FutureTask.run(FutureTask.java:317)
at java.base/java.util.concurrent.ThreadPoolExecutor.runWorker(ThreadPoolExecutor.java:1144)
at java.base/java.util.concurrent.ThreadPoolExecutor$Worker.run(ThreadPoolExecutor.java:642)
at java.base/java.lang.Thread.run(Thread.java:1570)
... Removed 20 stack frames]]>
    </failure>
  </testcase> <!-- @BeforeMethod methodConfiguration -->
  <testcase classname="genericUtilities.BaseClass" name="@BeforeMethod methodConfiguration" time="0.009">
    <failure type="java.lang.NullPointerException" message="Cannot invoke &amp;quot;genericUtilities.PropertiesUtility.readFromProperties(String)&amp;quot; because &amp;quot;this.propertyUtil&amp;quot; is null">
      <![CDATA[java.lang.NullPointerException: Cannot invoke "genericUtilities.PropertiesUtility.readFromProperties(String)" because "this.propertyUtil" is null
at genericUtilities.BaseClass.methodConfiguration(BaseClass.java:51)
at java.base/java.util.ArrayList.forEach(ArrayList.java:1597)
at java.base/java.util.concurrent.FutureTask.run(FutureTask.java:317)
at java.base/java.util.concurrent.ThreadPoolExecutor.runWorker(ThreadPoolExecutor.java:1144)
at java.base/java.util.concurrent.ThreadPoolExecutor$Worker.run(ThreadPoolExecutor.java:642)
at java.base/java.lang.Thread.run(Thread.java:1570)
... Removed 20 stack frames]]>
    </failure>
  </testcase> <!-- @BeforeMethod methodConfiguration -->
  <testcase classname="genericUtilities.BaseClass" name="@AfterMethod methodTeardown" time="-1.722403144819E9">
    <skipped/>
  </testcase> <!-- @AfterMethod methodTeardown -->
  <testcase classname="genericUtilities.BaseClass" name="@AfterMethod methodTeardown" time="-1.722403144824E9">
    <skipped/>
  </testcase> <!-- @AfterMethod methodTeardown -->
  <testcase classname="genericUtilities.BaseClass" name="@AfterClass classTeardown" time="-1.722403144829E9">
    <skipped/>
  </testcase> <!-- @AfterClass classTeardown -->
  <testcase classname="genericUtilities.BaseClass" name="@AfterClass classTeardown" time="-1.722403144829E9">
    <skipped/>
  </testcase> <!-- @AfterClass classTeardown -->
  <testcase classname="testNGImplementation.CreateAndDuplicateLeadTest" name="createAndDuplicateLeadTest" time="0.0">
    <skipped/>
  </testcase> <!-- createAndDuplicateLeadTest -->
</testsuite> <!-- Test Runner 2 -->
